<?xml version="1.0" encoding="UTF-8"?>
<!-- Generated by org.testng.reporters.JUnitReportReporter -->
<testsuite hostname="LAPTOP-LV58G8KD" failures="0" tests="1" name="com.project.MavenMarchSelenium9_30AMBatch.CheckBox1" time="13.817" errors="0" timestamp="19 May 2021 08:14:57 GMT" skipped="0">
  <testcase classname="com.project.MavenMarchSelenium9_30AMBatch.CheckBox1" name="checkboxTest" time="13.817"/>
</testsuite> <!-- com.project.MavenMarchSelenium9_30AMBatch.CheckBox1 -->
