<?xml version="1.0" encoding="UTF-8"?>
<!-- Generated by org.testng.reporters.JUnitReportReporter -->
<testsuite hostname="LAPTOP-LV58G8KD" failures="0" tests="1" name="com.project.MavenMarchSelenium9_30AMBatch.TNG_002" time="12.130" errors="0" timestamp="19 May 2021 08:12:49 GMT" skipped="0">
  <testcase classname="com.project.MavenMarchSelenium9_30AMBatch.TNG_002" name="amazon" time="12.130"/>
</testsuite> <!-- com.project.MavenMarchSelenium9_30AMBatch.TNG_002 -->
