<?xml version="1.0" encoding="UTF-8"?>
<!-- Generated by org.testng.reporters.JUnitReportReporter -->
<testsuite skipped="0" hostname="LAPTOP-LV58G8KD" name="com.project.MavenMarchSelenium9_30AMBatch.TNG_002" tests="1" failures="0" timestamp="13 May 2021 05:12:24 GMT" time="14.757" errors="0">
  <testcase name="amazon" time="14.757" classname="com.project.MavenMarchSelenium9_30AMBatch.TNG_002"/>
</testsuite> <!-- com.project.MavenMarchSelenium9_30AMBatch.TNG_002 -->
